asyncio - DEBUG - Using proactor: IocpProactor
aiohttp.access - INFO - 127.0.0.1 [12/Sep/2020:22:38:00 +0000] "POST /find?size=1918&token=%22tok%22 HTTP/1.1" 200 1730 "-" "python-requests/2.24.0"
asyncio - DEBUG - Using proactor: IocpProactor
aiohttp.access - INFO - 127.0.0.1 [12/Sep/2020:22:40:06 +0000] "POST /find?size=1918&token=%22tok%22 HTTP/1.1" 200 1730 "-" "python-requests/2.24.0"
aiohttp.access - INFO - 127.0.0.1 [12/Sep/2020:22:40:25 +0000] "POST /find HTTP/1.1" 200 133902 "-" "python-requests/2.24.0"
aiohttp.access - INFO - 127.0.0.1 [12/Sep/2020:22:40:30 +0000] "POST /find HTTP/1.1" 200 1730 "-" "python-requests/2.24.0"
aiohttp.access - INFO - 127.0.0.1 [12/Sep/2020:22:40:34 +0000] "POST /find HTTP/1.1" 200 1730 "-" "python-requests/2.24.0"
aiohttp.access - INFO - 127.0.0.1 [12/Sep/2020:22:40:38 +0000] "POST /find HTTP/1.1" 200 1730 "-" "python-requests/2.24.0"
aiohttp.access - INFO - 127.0.0.1 [12/Sep/2020:22:40:30 +0000] "POST /find HTTP/1.1" 200 133902 "-" "python-requests/2.24.0"
aiohttp.access - INFO - 127.0.0.1 [12/Sep/2020:22:40:38 +0000] "POST /find HTTP/1.1" 200 133902 "-" "python-requests/2.24.0"
aiohttp.access - INFO - 127.0.0.1 [12/Sep/2020:22:40:38 +0000] "POST /find HTTP/1.1" 200 133902 "-" "python-requests/2.24.0"
aiohttp.access - INFO - 127.0.0.1 [12/Sep/2020:22:40:38 +0000] "POST /find HTTP/1.1" 200 133902 "-" "python-requests/2.24.0"
aiohttp.access - INFO - 127.0.0.1 [12/Sep/2020:22:40:48 +0000] "POST /find HTTP/1.1" 200 133902 "-" "python-requests/2.24.0"
asyncio - DEBUG - Using proactor: IocpProactor
aiohttp.access - INFO - 127.0.0.1 [12/Sep/2020:22:42:31 +0000] "POST /find?size=15221776&token=%22tok%22 HTTP/1.1" 200 13038493 "-" "python-requests/2.24.0"
aiohttp.access - INFO - 127.0.0.1 [12/Sep/2020:22:44:18 +0000] "POST /find?size=15221776&token=%22tok%22 HTTP/1.1" 200 13038493 "-" "python-requests/2.24.0"
asyncio - DEBUG - Using proactor: IocpProactor
aiohttp.access - INFO - 127.0.0.1 [12/Sep/2020:22:46:07 +0000] "POST /find?size=15221776&token=%22tok%22 HTTP/1.1" 200 13038493 "-" "python-requests/2.24.0"
aiohttp.access - INFO - 127.0.0.1 [12/Sep/2020:22:47:13 +0000] "POST /find?size=15221776&token=%22tok%22 HTTP/1.1" 200 13038493 "-" "python-requests/2.24.0"
aiohttp.access - INFO - 127.0.0.1 [12/Sep/2020:22:48:29 +0000] "POST /find?size=15221776&token=%22tok%22 HTTP/1.1" 200 13038493 "-" "python-requests/2.24.0"
aiohttp.access - INFO - 127.0.0.1 [12/Sep/2020:22:50:11 +0000] "POST /find?size=15221776&token=%22tok%22 HTTP/1.1" 200 13038493 "-" "python-requests/2.24.0"
asyncio - DEBUG - Using proactor: IocpProactor
asyncio - DEBUG - Using proactor: IocpProactor
aiohttp.server - ERROR - Error handling request
multiprocessing.pool.RemoteTraceback: 
"""
Traceback (most recent call last):
  File "C:\Users\algorithm\AppData\Local\Programs\Python\Python38\lib\multiprocessing\pool.py", line 125, in worker
    result = (True, func(*args, **kwds))
  File "C:\Users\algorithm\AppData\Local\Programs\Python\Python38\lib\multiprocessing\pool.py", line 48, in mapstar
    return list(map(*args))
  File "a:\git\brand\main_handler\handler.py", line 102, in handler
    product_name = row_data[1].lower()
IndexError: string index out of range
"""

The above exception was the direct cause of the following exception:

Traceback (most recent call last):
  File "a:\git\brand\env\lib\site-packages\aiohttp\web_protocol.py", line 418, in start
    resp = await task
  File "a:\git\brand\env\lib\site-packages\aiohttp\web_app.py", line 458, in _handle
    resp = await handler(request)
  File "a:\git\brand\app.py", line 80, in handle_post
    final_data = await launch_processors(brand, data)
  File "a:\git\brand\app.py", line 44, in launch_processors
    final_data = p.map(hend.handler, data)
  File "C:\Users\algorithm\AppData\Local\Programs\Python\Python38\lib\multiprocessing\pool.py", line 364, in map
    return self._map_async(func, iterable, mapstar, chunksize).get()
  File "C:\Users\algorithm\AppData\Local\Programs\Python\Python38\lib\multiprocessing\pool.py", line 768, in get
    raise self._value
IndexError: string index out of range
aiohttp.access - INFO - 127.0.0.1 [12/Sep/2020:22:54:17 +0000] "POST /find?size=184&token=%22tok%22 HTTP/1.1" 500 244 "-" "python-requests/2.24.0"
aiohttp.server - ERROR - Error handling request
multiprocessing.pool.RemoteTraceback: 
"""
Traceback (most recent call last):
  File "C:\Users\algorithm\AppData\Local\Programs\Python\Python38\lib\multiprocessing\pool.py", line 125, in worker
    result = (True, func(*args, **kwds))
  File "C:\Users\algorithm\AppData\Local\Programs\Python\Python38\lib\multiprocessing\pool.py", line 48, in mapstar
    return list(map(*args))
  File "a:\git\brand\main_handler\handler.py", line 102, in handler
    product_name = row_data[1].lower()
IndexError: string index out of range
"""

The above exception was the direct cause of the following exception:

Traceback (most recent call last):
  File "a:\git\brand\env\lib\site-packages\aiohttp\web_protocol.py", line 418, in start
    resp = await task
  File "a:\git\brand\env\lib\site-packages\aiohttp\web_app.py", line 458, in _handle
    resp = await handler(request)
  File "a:\git\brand\app.py", line 80, in handle_post
    final_data = await launch_processors(brand, data)
  File "a:\git\brand\app.py", line 44, in launch_processors
    final_data = p.map(hend.handler, data)
  File "C:\Users\algorithm\AppData\Local\Programs\Python\Python38\lib\multiprocessing\pool.py", line 364, in map
    return self._map_async(func, iterable, mapstar, chunksize).get()
  File "C:\Users\algorithm\AppData\Local\Programs\Python\Python38\lib\multiprocessing\pool.py", line 768, in get
    raise self._value
IndexError: string index out of range
aiohttp.access - INFO - 127.0.0.1 [12/Sep/2020:22:54:42 +0000] "POST /find?size=184&token=%22tok%22 HTTP/1.1" 500 244 "-" "python-requests/2.24.0"
asyncio - DEBUG - Using proactor: IocpProactor
aiohttp.server - ERROR - Error handling request
Traceback (most recent call last):
  File "a:\git\brand\env\lib\site-packages\aiohttp\web_protocol.py", line 418, in start
    resp = await task
  File "a:\git\brand\env\lib\site-packages\aiohttp\web_app.py", line 458, in _handle
    resp = await handler(request)
  File "a:\git\brand\app.py", line 74, in handle_post
    data = json.loads(final_data['data'])
  File "C:\Users\algorithm\AppData\Local\Programs\Python\Python38\lib\json\__init__.py", line 357, in loads
    return _default_decoder.decode(s)
  File "C:\Users\algorithm\AppData\Local\Programs\Python\Python38\lib\json\decoder.py", line 337, in decode
    obj, end = self.raw_decode(s, idx=_w(s, 0).end())
  File "C:\Users\algorithm\AppData\Local\Programs\Python\Python38\lib\json\decoder.py", line 355, in raw_decode
    raise JSONDecodeError("Expecting value", s, err.value) from None
json.decoder.JSONDecodeError: Expecting value: line 1 column 1 (char 0)
aiohttp.access - INFO - 127.0.0.1 [12/Sep/2020:22:56:18 +0000] "POST /find?size=184&token=%22tok%22 HTTP/1.1" 500 244 "-" "python-requests/2.24.0"
asyncio - DEBUG - Using proactor: IocpProactor
aiohttp.access - INFO - 127.0.0.1 [12/Sep/2020:23:00:35 +0000] "POST /find?size=1918&token=%22tok%22 HTTP/1.1" 200 1730 "-" "python-requests/2.24.0"
asyncio - DEBUG - Using proactor: IocpProactor
asyncio - DEBUG - Using proactor: IocpProactor
asyncio - DEBUG - Using proactor: IocpProactor
aiohttp.access - INFO - 127.0.0.1 [12/Sep/2020:23:05:14 +0000] "POST /find?size=15221776&token=%22tok%22 HTTP/1.1" 200 13038493 "-" "python-requests/2.24.0"
asyncio - DEBUG - Using proactor: IocpProactor
asyncio - DEBUG - Using proactor: IocpProactor
asyncio - DEBUG - Using proactor: IocpProactor
asyncio - DEBUG - Using proactor: IocpProactor
asyncio - DEBUG - Using proactor: IocpProactor
asyncio - DEBUG - Using proactor: IocpProactor
asyncio - DEBUG - Using proactor: IocpProactor
asyncio - DEBUG - Using proactor: IocpProactor
asyncio - DEBUG - Using proactor: IocpProactor
asyncio - DEBUG - Using proactor: IocpProactor
asyncio - DEBUG - Using proactor: IocpProactor
asyncio - DEBUG - Using proactor: IocpProactor
asyncio - DEBUG - Using proactor: IocpProactor
asyncio - DEBUG - Using proactor: IocpProactor
asyncio - DEBUG - Using proactor: IocpProactor
asyncio - DEBUG - Using proactor: IocpProactor
aiohttp.access - INFO - 127.0.0.1 [12/Sep/2020:23:47:42 +0000] "POST /find?size=15221776&token=%22tok%22 HTTP/1.1" 200 13038493 "-" "python-requests/2.24.0"
asyncio - DEBUG - Using proactor: IocpProactor
aiohttp.access - INFO - 127.0.0.1 [12/Sep/2020:23:49:34 +0000] "POST /find?size=15221776&token=%22tok%22 HTTP/1.1" 200 13038493 "-" "python-requests/2.24.0"
aiohttp.access - INFO - 127.0.0.1 [12/Sep/2020:23:50:50 +0000] "POST /find HTTP/1.1" 200 1730 "-" "python-requests/2.24.0"
aiohttp.access - INFO - 127.0.0.1 [12/Sep/2020:23:50:53 +0000] "POST /find HTTP/1.1" 200 1730 "-" "python-requests/2.24.0"
aiohttp.access - INFO - 127.0.0.1 [12/Sep/2020:23:50:56 +0000] "POST /find HTTP/1.1" 200 1730 "-" "python-requests/2.24.0"
aiohttp.access - INFO - 127.0.0.1 [12/Sep/2020:23:50:53 +0000] "POST /find HTTP/1.1" 200 133902 "-" "python-requests/2.24.0"
aiohttp.access - INFO - 127.0.0.1 [12/Sep/2020:23:50:53 +0000] "POST /find HTTP/1.1" 200 133902 "-" "python-requests/2.24.0"
aiohttp.access - INFO - 127.0.0.1 [12/Sep/2020:23:50:53 +0000] "POST /find HTTP/1.1" 200 133902 "-" "python-requests/2.24.0"
aiohttp.access - INFO - 127.0.0.1 [12/Sep/2020:23:50:53 +0000] "POST /find HTTP/1.1" 200 133902 "-" "python-requests/2.24.0"
aiohttp.access - INFO - 127.0.0.1 [12/Sep/2020:23:50:53 +0000] "POST /find HTTP/1.1" 200 133902 "-" "python-requests/2.24.0"
aiohttp.access - INFO - 127.0.0.1 [12/Sep/2020:23:51:03 +0000] "POST /find HTTP/1.1" 200 133902 "-" "python-requests/2.24.0"
asyncio - DEBUG - Using proactor: IocpProactor
aiohttp.access - INFO - 127.0.0.1 [12/Sep/2020:23:52:08 +0000] "POST /find HTTP/1.1" 200 1730 "-" "python-requests/2.24.0"
aiohttp.access - INFO - 127.0.0.1 [12/Sep/2020:23:52:10 +0000] "POST /find HTTP/1.1" 200 1730 "-" "python-requests/2.24.0"
aiohttp.access - INFO - 127.0.0.1 [12/Sep/2020:23:52:13 +0000] "POST /find HTTP/1.1" 200 1730 "-" "python-requests/2.24.0"
aiohttp.access - INFO - 127.0.0.1 [12/Sep/2020:23:52:13 +0000] "POST /find HTTP/1.1" 200 133902 "-" "python-requests/2.24.0"
aiohttp.access - INFO - 127.0.0.1 [12/Sep/2020:23:52:13 +0000] "POST /find HTTP/1.1" 200 133902 "-" "python-requests/2.24.0"
aiohttp.access - INFO - 127.0.0.1 [12/Sep/2020:23:52:13 +0000] "POST /find HTTP/1.1" 200 133902 "-" "python-requests/2.24.0"
aiohttp.access - INFO - 127.0.0.1 [12/Sep/2020:23:52:13 +0000] "POST /find HTTP/1.1" 200 133902 "-" "python-requests/2.24.0"
aiohttp.access - INFO - 127.0.0.1 [12/Sep/2020:23:52:13 +0000] "POST /find HTTP/1.1" 200 133902 "-" "python-requests/2.24.0"
aiohttp.access - INFO - 127.0.0.1 [12/Sep/2020:23:52:13 +0000] "POST /find HTTP/1.1" 200 133902 "-" "python-requests/2.24.0"
asyncio - DEBUG - Using proactor: IocpProactor
aiohttp.access - INFO - 127.0.0.1 [12/Sep/2020:23:53:21 +0000] "POST /find HTTP/1.1" 200 1730 "-" "python-requests/2.24.0"
aiohttp.access - INFO - 127.0.0.1 [12/Sep/2020:23:53:24 +0000] "POST /find HTTP/1.1" 200 1730 "-" "python-requests/2.24.0"
aiohttp.access - INFO - 127.0.0.1 [12/Sep/2020:23:53:31 +0000] "POST /find HTTP/1.1" 200 1730 "-" "python-requests/2.24.0"
aiohttp.access - INFO - 127.0.0.1 [12/Sep/2020:23:53:24 +0000] "POST /find HTTP/1.1" 200 133902 "-" "python-requests/2.24.0"
aiohttp.access - INFO - 127.0.0.1 [12/Sep/2020:23:53:24 +0000] "POST /find HTTP/1.1" 200 133902 "-" "python-requests/2.24.0"
aiohttp.access - INFO - 127.0.0.1 [12/Sep/2020:23:53:24 +0000] "POST /find HTTP/1.1" 200 133902 "-" "python-requests/2.24.0"
aiohttp.access - INFO - 127.0.0.1 [12/Sep/2020:23:53:24 +0000] "POST /find HTTP/1.1" 200 133902 "-" "python-requests/2.24.0"
aiohttp.access - INFO - 127.0.0.1 [12/Sep/2020:23:53:37 +0000] "POST /find HTTP/1.1" 200 133902 "-" "python-requests/2.24.0"
aiohttp.access - INFO - 127.0.0.1 [12/Sep/2020:23:53:37 +0000] "POST /find HTTP/1.1" 200 133902 "-" "python-requests/2.24.0"
